Using pre-set license
Built from '2020.3/staging' branch; Version is '2020.3.18f1 (a7d1c678663c) revision 10998214'; Using compiler version '192528614'; Build Type 'Release'
OS: 'Windows 10 Home; OS build 19042.1237; Version 2009; 64bit' Language: 'it' Physical Memory: 16244 MB
BatchMode: 1, IsHumanControllingUs: 0, StartBugReporterOnCrash: 0, Is64bit: 1, IsPro: 0

COMMAND LINE ARGUMENTS:
C:\Program Files\Unity\Hub\Editor\2020.3.18f1\Editor\Unity.exe
-adb2
-batchMode
-noUpm
-name
AssetImportWorker0
-projectPath
C:/Users/Gabriele/Documents/GitHub/GameDesign2Group/GameDesignProtoype
-logFile
Logs/AssetImportWorker0.log
-srvPort
62760
Successfully changed project path to: C:/Users/Gabriele/Documents/GitHub/GameDesign2Group/GameDesignProtoype
C:/Users/Gabriele/Documents/GitHub/GameDesign2Group/GameDesignProtoype
Using Asset Import Pipeline V2.
Refreshing native plugins compatible for Editor in 61.80 ms, found 3 plugins.
Preloading 0 native plugins for Editor in 0.00 ms.
Initialize engine version: 2020.3.18f1 (a7d1c678663c)
[Subsystems] Discovering subsystems at path C:/Program Files/Unity/Hub/Editor/2020.3.18f1/Editor/Data/Resources/UnitySubsystems
[Subsystems] Discovering subsystems at path C:/Users/Gabriele/Documents/GitHub/GameDesign2Group/GameDesignProtoype/Assets
GfxDevice: creating device client; threaded=0
Direct3D:
    Version:  Direct3D 11.0 [level 11.1]
    Renderer: NVIDIA GeForce GTX 1060 6GB (ID=0x1c03)
    Vendor:   
    VRAM:     6052 MB
    Driver:   27.21.14.6647
Initialize mono
Mono path[0] = 'C:/Program Files/Unity/Hub/Editor/2020.3.18f1/Editor/Data/Managed'
Mono path[1] = 'C:/Program Files/Unity/Hub/Editor/2020.3.18f1/Editor/Data/MonoBleedingEdge/lib/mono/unityjit'
Mono config path = 'C:/Program Files/Unity/Hub/Editor/2020.3.18f1/Editor/Data/MonoBleedingEdge/etc'
Using monoOptions --debugger-agent=transport=dt_socket,embedding=1,server=y,suspend=n,address=127.0.0.1:56168
Begin MonoManager ReloadAssembly
Registering precompiled unity dll's ...
Register platform support module: C:/Program Files/Unity/Hub/Editor/2020.3.18f1/Editor/Data/PlaybackEngines/WindowsStandaloneSupport/UnityEditor.WindowsStandalone.Extensions.dll
Registered in 0.002548 seconds.
Native extension for WindowsStandalone target not found
Refreshing native plugins compatible for Editor in 39.09 ms, found 3 plugins.
Preloading 0 native plugins for Editor in 0.00 ms.
Mono: successfully reloaded assembly
- Completed reload, in  1.008 seconds
Domain Reload Profiling:
	ReloadAssembly (1008ms)
		BeginReloadAssembly (68ms)
			ExecutionOrderSort (0ms)
			DisableScriptedObjects (0ms)
			BackupInstance (0ms)
			ReleaseScriptingObjects (0ms)
			CreateAndSetChildDomain (1ms)
		EndReloadAssembly (343ms)
			LoadAssemblies (67ms)
			RebuildTransferFunctionScriptingTraits (0ms)
			SetupTypeCache (123ms)
			ReleaseScriptCaches (0ms)
			RebuildScriptCaches (25ms)
			SetupLoadedEditorAssemblies (139ms)
				LogAssemblyErrors (0ms)
				InitializePlatformSupportModulesInManaged (3ms)
				SetLoadedEditorAssemblies (0ms)
				RefreshPlugins (39ms)
				BeforeProcessingInitializeOnLoad (7ms)
				ProcessInitializeOnLoadAttributes (64ms)
				ProcessInitializeOnLoadMethodAttributes (25ms)
				AfterProcessingInitializeOnLoad (0ms)
				EditorAssembliesLoaded (0ms)
			ExecutionOrderSort2 (0ms)
			AwakeInstancesAfterBackupRestoration (0ms)
Platform modules already initialized, skipping
Registering precompiled user dll's ...
Registered in 0.002422 seconds.
Begin MonoManager ReloadAssembly
Native extension for WindowsStandalone target not found
Refreshing native plugins compatible for Editor in 38.88 ms, found 3 plugins.
Preloading 0 native plugins for Editor in 0.00 ms.
Mono: successfully reloaded assembly
- Completed reload, in  1.487 seconds
Domain Reload Profiling:
	ReloadAssembly (1489ms)
		BeginReloadAssembly (114ms)
			ExecutionOrderSort (0ms)
			DisableScriptedObjects (4ms)
			BackupInstance (0ms)
			ReleaseScriptingObjects (0ms)
			CreateAndSetChildDomain (14ms)
		EndReloadAssembly (1326ms)
			LoadAssemblies (622ms)
			RebuildTransferFunctionScriptingTraits (0ms)
			SetupTypeCache (246ms)
			ReleaseScriptCaches (0ms)
			RebuildScriptCaches (43ms)
			SetupLoadedEditorAssemblies (319ms)
				LogAssemblyErrors (0ms)
				InitializePlatformSupportModulesInManaged (3ms)
				SetLoadedEditorAssemblies (0ms)
				RefreshPlugins (39ms)
				BeforeProcessingInitializeOnLoad (58ms)
				ProcessInitializeOnLoadAttributes (205ms)
				ProcessInitializeOnLoadMethodAttributes (10ms)
				AfterProcessingInitializeOnLoad (5ms)
				EditorAssembliesLoaded (0ms)
			ExecutionOrderSort2 (0ms)
			AwakeInstancesAfterBackupRestoration (5ms)
Platform modules already initialized, skipping
========================================================================
Worker process is ready to serve import requests
Launched and connected shader compiler UnityShaderCompiler.exe after 0.03 seconds
Refreshing native plugins compatible for Editor in 0.46 ms, found 3 plugins.
Preloading 0 native plugins for Editor in 0.00 ms.
Unloading 2538 Unused Serialized files (Serialized files now loaded: 0)
System memory in use before: 109.0 MB.
System memory in use after: 109.2 MB.

Unloading 29 unused Assets to reduce memory usage. Loaded Objects now: 2979.
Total: 2.971000 ms (FindLiveObjects: 0.227500 ms CreateObjectMapping: 0.098800 ms MarkObjects: 2.593200 ms  DeleteObjects: 0.050800 ms)

AssetImportParameters requested are different than current active one (requested -> active):
  custom:framework-win-MediaFoundation: 216162199b28c13a410421893ffa2e32 -> 
  custom:video-decoder-ogg-theora: a1e56fd34408186e4bbccfd4996cb3dc -> 
  custom:container-muxer-webm: aa71ff27fc2769a1b78a27578f13a17b -> 
  custom:container-demuxer-webm: 4f35f7cbe854078d1ac9338744f61a02 -> 
  custom:container-demuxer-ogg: 62fdf1f143b41e24485cea50d1cbac27 -> 
  custom:video-encoder-webm-vp8: eb34c28f22e8b96e1ab97ce403110664 -> 
  custom:video-decoder-webm-vp8: 9c59270c3fd7afecdb556c50c9e8de78 -> 
  custom:audio-decoder-ogg-vorbis: bf7c407c2cedff20999df2af8eb42d56 -> 
  custom:audio-encoder-webm-vorbis: bf7c407c2cedff20999df2af8eb42d56 -> 
========================================================================
Received Import Request.
  path: Assets/Prefabs/Cameras.prefab
  artifactKey: Guid(3ef8dd0c654585a4f8335adc4b495325) Importer(815301076,1909f56bfc062723c751e8b465ee728b)
Start importing Assets/Prefabs/Cameras.prefab using Guid(3ef8dd0c654585a4f8335adc4b495325) Importer(815301076,1909f56bfc062723c751e8b465ee728b)  -> (artifact id: '56bdb3a3ce8377b29aab840cfe8f6567') in 0.049658 seconds 
  Import took 0.052632 seconds .

========================================================================
Received Import Request.
  Time since last request: 0.000252 seconds.
  path: Assets/Prefabs/materials
  artifactKey: Guid(11679e7f4583b484d8f1328c941e4980) Importer(815301076,1909f56bfc062723c751e8b465ee728b)
Start importing Assets/Prefabs/materials using Guid(11679e7f4583b484d8f1328c941e4980) Importer(815301076,1909f56bfc062723c751e8b465ee728b)  -> (artifact id: '3b07f614dac5ee8b7c9143ea93c112da') in 0.001203 seconds 
  Import took 0.003666 seconds .

========================================================================
Received Import Request.
  Time since last request: 0.000205 seconds.
  path: Assets/Prefabs/Player.prefab
  artifactKey: Guid(dd169dd72a3755b418f9f8fa560e3634) Importer(815301076,1909f56bfc062723c751e8b465ee728b)
Start importing Assets/Prefabs/Player.prefab using Guid(dd169dd72a3755b418f9f8fa560e3634) Importer(815301076,1909f56bfc062723c751e8b465ee728b)  -> (artifact id: '39700aa13d07d0b326a8b6b268045821') in 0.060283 seconds 
  Import took 0.063159 seconds .

========================================================================
Received Import Request.
  Time since last request: 26.534034 seconds.
  path: Assets/Prefabs/materials/minion_not_collected.mat
  artifactKey: Guid(4d7b06bed30cc5d438a623cedb4feeef) Importer(815301076,1909f56bfc062723c751e8b465ee728b)
Start importing Assets/Prefabs/materials/minion_not_collected.mat using Guid(4d7b06bed30cc5d438a623cedb4feeef) Importer(815301076,1909f56bfc062723c751e8b465ee728b)  -> (artifact id: '2a8ffcf46709e0de8e1eb273a3cd63df') in 0.032533 seconds 
  Import took 0.035945 seconds .

========================================================================
Received Import Request.
  Time since last request: 24.578809 seconds.
  path: Assets/Prefabs/materials/minion_1_inactive.mat
  artifactKey: Guid(650f2e5d3e12139468714a2be8583953) Importer(815301076,1909f56bfc062723c751e8b465ee728b)
Start importing Assets/Prefabs/materials/minion_1_inactive.mat using Guid(650f2e5d3e12139468714a2be8583953) Importer(815301076,1909f56bfc062723c751e8b465ee728b)  -> (artifact id: '92b057e2d1d1998c5953d894d6732f92') in 0.008164 seconds 
  Import took 0.011414 seconds .

========================================================================
Received Import Request.
  Time since last request: 34.564186 seconds.
  path: Assets/Prefabs/materials/minion_1_active.mat
  artifactKey: Guid(8ec5cf2e768c8f045918cf94b5a8fbf4) Importer(815301076,1909f56bfc062723c751e8b465ee728b)
Start importing Assets/Prefabs/materials/minion_1_active.mat using Guid(8ec5cf2e768c8f045918cf94b5a8fbf4) Importer(815301076,1909f56bfc062723c751e8b465ee728b)  -> (artifact id: '2d687f6d533f57bade8121ea3f0331a3') in 0.012137 seconds 
  Import took 0.015381 seconds .

========================================================================
Received Import Request.
  Time since last request: 46.635883 seconds.
  path: Assets/Prefabs/materials/minion_2_inactive.mat
  artifactKey: Guid(4946b61c059f38a4b85f819975d6800e) Importer(815301076,1909f56bfc062723c751e8b465ee728b)
Start importing Assets/Prefabs/materials/minion_2_inactive.mat using Guid(4946b61c059f38a4b85f819975d6800e) Importer(815301076,1909f56bfc062723c751e8b465ee728b)  -> (artifact id: 'f27c9882feb753ab4240a71d985ac597') in 0.008892 seconds 
  Import took 0.012111 seconds .

========================================================================
Received Import Request.
  Time since last request: 48.718087 seconds.
  path: Assets/Prefabs/materials/minion_2_active.mat
  artifactKey: Guid(8f8a6ce93b5dbdf45a54f8eb1a884aee) Importer(815301076,1909f56bfc062723c751e8b465ee728b)
Start importing Assets/Prefabs/materials/minion_2_active.mat using Guid(8f8a6ce93b5dbdf45a54f8eb1a884aee) Importer(815301076,1909f56bfc062723c751e8b465ee728b)  -> (artifact id: 'd57a34289b5a0231e2a17a7af95f5873') in 0.013190 seconds 
  Import took 0.016725 seconds .

========================================================================
Received Import Request.
  Time since last request: 36.556299 seconds.
  path: Assets/Prefabs/materials/minion_3_inactive.mat
  artifactKey: Guid(63d47e2066eeb584e9ae4eda52e0dda3) Importer(815301076,1909f56bfc062723c751e8b465ee728b)
Start importing Assets/Prefabs/materials/minion_3_inactive.mat using Guid(63d47e2066eeb584e9ae4eda52e0dda3) Importer(815301076,1909f56bfc062723c751e8b465ee728b)  -> (artifact id: 'e34055502f0fb2f4147568aa2cb70a15') in 0.008471 seconds 
  Import took 0.011796 seconds .

========================================================================
Received Import Request.
  Time since last request: 56.992378 seconds.
  path: Assets/Prefabs/materials/minion_3_active.mat
  artifactKey: Guid(b2a1c1d61c156f34e95cd44c85ef6e31) Importer(815301076,1909f56bfc062723c751e8b465ee728b)
Start importing Assets/Prefabs/materials/minion_3_active.mat using Guid(b2a1c1d61c156f34e95cd44c85ef6e31) Importer(815301076,1909f56bfc062723c751e8b465ee728b)  -> (artifact id: '0b8d91aac4a8e52d7df992e8e065622e') in 0.008993 seconds 
  Import took 0.012444 seconds .

========================================================================
Received Prepare
Registering precompiled user dll's ...
Registered in 0.002434 seconds.
Begin MonoManager ReloadAssembly
Native extension for WindowsStandalone target not found
Refreshing native plugins compatible for Editor in 0.44 ms, found 3 plugins.
Preloading 0 native plugins for Editor in 0.00 ms.
Mono: successfully reloaded assembly
- Completed reload, in  0.887 seconds
Domain Reload Profiling:
	ReloadAssembly (887ms)
		BeginReloadAssembly (104ms)
			ExecutionOrderSort (0ms)
			DisableScriptedObjects (5ms)
			BackupInstance (0ms)
			ReleaseScriptingObjects (0ms)
			CreateAndSetChildDomain (31ms)
		EndReloadAssembly (730ms)
			LoadAssemblies (74ms)
			RebuildTransferFunctionScriptingTraits (0ms)
			SetupTypeCache (257ms)
			ReleaseScriptCaches (1ms)
			RebuildScriptCaches (38ms)
			SetupLoadedEditorAssemblies (266ms)
				LogAssemblyErrors (0ms)
				InitializePlatformSupportModulesInManaged (3ms)
				SetLoadedEditorAssemblies (0ms)
				RefreshPlugins (1ms)
				BeforeProcessingInitializeOnLoad (49ms)
				ProcessInitializeOnLoadAttributes (202ms)
				ProcessInitializeOnLoadMethodAttributes (7ms)
				AfterProcessingInitializeOnLoad (5ms)
				EditorAssembliesLoaded (0ms)
			ExecutionOrderSort2 (0ms)
			AwakeInstancesAfterBackupRestoration (8ms)
Platform modules already initialized, skipping
Refreshing native plugins compatible for Editor in 0.72 ms, found 3 plugins.
Preloading 0 native plugins for Editor in 0.00 ms.
Unloading 2526 Unused Serialized files (Serialized files now loaded: 0)
System memory in use before: 111.8 MB.
System memory in use after: 112.0 MB.

Unloading 15 unused Assets to reduce memory usage. Loaded Objects now: 3022.
Total: 2.626800 ms (FindLiveObjects: 0.236500 ms CreateObjectMapping: 0.101800 ms MarkObjects: 2.274600 ms  DeleteObjects: 0.013200 ms)

AssetImportParameters requested are different than current active one (requested -> active):
  custom:framework-win-MediaFoundation: 216162199b28c13a410421893ffa2e32 -> 
  custom:video-decoder-ogg-theora: a1e56fd34408186e4bbccfd4996cb3dc -> 
  custom:container-muxer-webm: aa71ff27fc2769a1b78a27578f13a17b -> 
  custom:container-demuxer-webm: 4f35f7cbe854078d1ac9338744f61a02 -> 
  custom:container-demuxer-ogg: 62fdf1f143b41e24485cea50d1cbac27 -> 
  custom:video-encoder-webm-vp8: eb34c28f22e8b96e1ab97ce403110664 -> 
  custom:video-decoder-webm-vp8: 9c59270c3fd7afecdb556c50c9e8de78 -> 
  custom:audio-decoder-ogg-vorbis: bf7c407c2cedff20999df2af8eb42d56 -> 
  custom:audio-encoder-webm-vorbis: bf7c407c2cedff20999df2af8eb42d56 -> 
